0 info it worked if it ends with ok
1 verbose cli [ '/home/ubuntu/.nvm/versions/node/v4.4.5/bin/node',
1 verbose cli   '/home/ubuntu/.nvm/versions/node/v4.4.5/bin/npm',
1 verbose cli   'install',
1 verbose cli   'card-game-generator',
1 verbose cli   '--save' ]
2 info using npm@2.15.5
3 info using node@v4.4.5
4 verbose install initial load of /home/ubuntu/workspace/package.json
5 warn package.json chat-example@0.0.0 No repository field.
6 warn package.json chat-example@0.0.0 No license field.
7 verbose installManyTop reading scoped package data from /home/ubuntu/workspace/node_modules/async/package.json
8 verbose installManyTop reading scoped package data from /home/ubuntu/workspace/node_modules/card-deck/package.json
9 verbose installManyTop reading scoped package data from /home/ubuntu/workspace/node_modules/cards/package.json
10 verbose installManyTop reading scoped package data from /home/ubuntu/workspace/node_modules/express/package.json
11 verbose installManyTop reading scoped package data from /home/ubuntu/workspace/node_modules/socket.io/package.json
12 info package.json async@0.2.10 No license field.
13 info package.json express@3.2.6 No license field.
14 info package.json socket.io@0.9.17 No license field.
15 verbose readDependencies loading dependencies from /home/ubuntu/workspace/package.json
16 silly cache add args [ 'card-game-generator', null ]
17 verbose cache add spec card-game-generator
18 silly cache add parsed spec Result {
18 silly cache add   raw: 'card-game-generator',
18 silly cache add   scope: null,
18 silly cache add   name: 'card-game-generator',
18 silly cache add   rawSpec: '',
18 silly cache add   spec: 'latest',
18 silly cache add   type: 'tag' }
19 silly addNamed card-game-generator@latest
20 verbose addNamed "latest" is being treated as a dist-tag for card-game-generator
21 info addNameTag [ 'card-game-generator', 'latest' ]
22 silly mapToRegistry name card-game-generator
23 silly mapToRegistry using default registry
24 silly mapToRegistry registry https://registry.npmjs.org/
25 silly mapToRegistry data Result {
25 silly mapToRegistry   raw: 'card-game-generator',
25 silly mapToRegistry   scope: null,
25 silly mapToRegistry   name: 'card-game-generator',
25 silly mapToRegistry   rawSpec: '',
25 silly mapToRegistry   spec: 'latest',
25 silly mapToRegistry   type: 'tag' }
26 silly mapToRegistry uri https://registry.npmjs.org/card-game-generator
27 verbose addNameTag registry:https://registry.npmjs.org/card-game-generator not in flight; fetching
28 verbose request uri https://registry.npmjs.org/card-game-generator
29 verbose request no auth needed
30 info attempt registry request try #1 at 4:40:28 PM
31 verbose request id ee4e778b58f4a10e
32 http request GET https://registry.npmjs.org/card-game-generator
33 http 200 https://registry.npmjs.org/card-game-generator
34 verbose headers { server: 'CouchDB/1.5.0 (Erlang OTP/R16B03)',
34 verbose headers   etag: '"5C7BFLW036NK79L6LG3ZPKSWR"',
34 verbose headers   'content-type': 'application/json',
34 verbose headers   'content-encoding': 'gzip',
34 verbose headers   'cache-control': 'max-age=300',
34 verbose headers   'content-length': '4969',
34 verbose headers   'accept-ranges': 'bytes',
34 verbose headers   date: 'Thu, 15 Sep 2016 16:40:28 GMT',
34 verbose headers   via: '1.1 varnish',
34 verbose headers   age: '0',
34 verbose headers   connection: 'keep-alive',
34 verbose headers   'x-served-by': 'cache-ord1740-ORD',
34 verbose headers   'x-cache': 'MISS',
34 verbose headers   'x-cache-hits': '0',
34 verbose headers   'x-timer': 'S1473957628.512489,VS0,VE117',
34 verbose headers   vary: 'Accept-Encoding' }
35 silly get cb [ 200,
35 silly get   { server: 'CouchDB/1.5.0 (Erlang OTP/R16B03)',
35 silly get     etag: '"5C7BFLW036NK79L6LG3ZPKSWR"',
35 silly get     'content-type': 'application/json',
35 silly get     'content-encoding': 'gzip',
35 silly get     'cache-control': 'max-age=300',
35 silly get     'content-length': '4969',
35 silly get     'accept-ranges': 'bytes',
35 silly get     date: 'Thu, 15 Sep 2016 16:40:28 GMT',
35 silly get     via: '1.1 varnish',
35 silly get     age: '0',
35 silly get     connection: 'keep-alive',
35 silly get     'x-served-by': 'cache-ord1740-ORD',
35 silly get     'x-cache': 'MISS',
35 silly get     'x-cache-hits': '0',
35 silly get     'x-timer': 'S1473957628.512489,VS0,VE117',
35 silly get     vary: 'Accept-Encoding' } ]
36 verbose get saving card-game-generator to /home/ubuntu/.npm/registry.npmjs.org/card-game-generator/.cache.json
37 verbose correctMkdir /home/ubuntu/.npm correctMkdir not in flight; initializing
38 silly addNameTag next cb for card-game-generator with tag latest
39 silly addNamed card-game-generator@0.6.0
40 verbose addNamed "0.6.0" is a plain semver version for card-game-generator
41 silly mapToRegistry name card-game-generator
42 silly mapToRegistry using default registry
43 silly mapToRegistry registry https://registry.npmjs.org/
44 silly mapToRegistry data Result {
44 silly mapToRegistry   raw: 'card-game-generator',
44 silly mapToRegistry   scope: null,
44 silly mapToRegistry   name: 'card-game-generator',
44 silly mapToRegistry   rawSpec: '',
44 silly mapToRegistry   spec: 'latest',
44 silly mapToRegistry   type: 'tag' }
45 silly mapToRegistry uri https://registry.npmjs.org/card-game-generator
46 verbose addRemoteTarball https://registry.npmjs.org/card-game-generator/-/card-game-generator-0.6.0.tgz not in flight; adding
47 verbose addRemoteTarball [ 'https://registry.npmjs.org/card-game-generator/-/card-game-generator-0.6.0.tgz',
47 verbose addRemoteTarball   'ab35e81da1375ab9a71c81ec72a6e4d481b1e7a3' ]
48 info retry fetch attempt 1 at 4:40:28 PM
49 info attempt registry request try #1 at 4:40:28 PM
50 http fetch GET https://registry.npmjs.org/card-game-generator/-/card-game-generator-0.6.0.tgz
51 http fetch 200 https://registry.npmjs.org/card-game-generator/-/card-game-generator-0.6.0.tgz
52 silly fetchAndShaCheck shasum ab35e81da1375ab9a71c81ec72a6e4d481b1e7a3
53 verbose addTmpTarball /tmp/npm-2098-2c52d012/registry.npmjs.org/card-game-generator/-/card-game-generator-0.6.0.tgz not in flight; adding
54 verbose addTmpTarball already have metadata; skipping unpack for card-game-generator@0.6.0
55 verbose correctMkdir /home/ubuntu/.npm correctMkdir not in flight; initializing
56 silly cache afterAdd card-game-generator@0.6.0
57 verbose afterAdd /home/ubuntu/.npm/card-game-generator/0.6.0/package/package.json not in flight; writing
58 verbose correctMkdir /home/ubuntu/.npm correctMkdir not in flight; initializing
59 verbose afterAdd /home/ubuntu/.npm/card-game-generator/0.6.0/package/package.json written
60 silly install resolved [ { name: 'card-game-generator',
60 silly install resolved     version: '0.6.0',
60 silly install resolved     description: 'A card game development toolkit',
60 silly install resolved     repository:
60 silly install resolved      { type: 'git',
60 silly install resolved        url: 'git+ssh://git@github.com/1j01/card-game-generator.git' },
60 silly install resolved     bugs: { url: 'http://github.com/1j01/card-game-generator/issues' },
60 silly install resolved     author: { name: 'Isaiah Odhner', email: 'isaiahodhner@gmail.com' },
60 silly install resolved     license: 'MIT',
60 silly install resolved     keywords:
60 silly install resolved      [ 'card',
60 silly install resolved        'cards',
60 silly install resolved        'cardgame',
60 silly install resolved        'card-game',
60 silly install resolved        'game',
60 silly install resolved        'games',
60 silly install resolved        'deck',
60 silly install resolved        'generator',
60 silly install resolved        'renderer',
60 silly install resolved        'tabletop',
60 silly install resolved        'tabletop-simulator',
60 silly install resolved        'ts',
60 silly install resolved        'boardgame',
60 silly install resolved        'board-game',
60 silly install resolved        'game-development',
60 silly install resolved        'game-engine' ],
60 silly install resolved     main: 'src/card-game-generator.coffee',
60 silly install resolved     os: 'win32',
60 silly install resolved     devDependencies: { 'coffee-script': '^1.10.0' },
60 silly install resolved     dependencies:
60 silly install resolved      { async: '^1.5.2',
60 silly install resolved        mkdirp: '^0.5.1',
60 silly install resolved        nw: '^0.14.2-sdk',
60 silly install resolved        tmp: '0.0.28' },
60 silly install resolved     gitHead: '57e7cda4484429f83586fd27fdb188ebe7703b53',
60 silly install resolved     homepage: 'https://github.com/1j01/card-game-generator#readme',
60 silly install resolved     _id: 'card-game-generator@0.6.0',
60 silly install resolved     scripts: {},
60 silly install resolved     _shasum: 'ab35e81da1375ab9a71c81ec72a6e4d481b1e7a3',
60 silly install resolved     _from: 'card-game-generator@latest',
60 silly install resolved     _npmVersion: '2.9.1',
60 silly install resolved     _nodeVersion: '5.10.0',
60 silly install resolved     _npmUser: { name: '1j01', email: 'isaiahodhner@gmail.com' },
60 silly install resolved     maintainers: [ [Object] ],
60 silly install resolved     dist:
60 silly install resolved      { shasum: 'ab35e81da1375ab9a71c81ec72a6e4d481b1e7a3',
60 silly install resolved        tarball: 'https://registry.npmjs.org/card-game-generator/-/card-game-generator-0.6.0.tgz' },
60 silly install resolved     _npmOperationalInternal:
60 silly install resolved      { host: 'packages-16-east.internal.npmjs.com',
60 silly install resolved        tmp: 'tmp/card-game-generator-0.6.0.tgz_1461531029541_0.6111649442464113' },
60 silly install resolved     directories: {},
60 silly install resolved     _resolved: 'https://registry.npmjs.org/card-game-generator/-/card-game-generator-0.6.0.tgz' } ]
61 info install card-game-generator@0.6.0 into /home/ubuntu/workspace
62 info installOne card-game-generator@0.6.0
63 verbose installOne of card-game-generator to /home/ubuntu/workspace not in flight; installing
64 verbose correctMkdir /home/ubuntu/.npm/_locks correctMkdir not in flight; initializing
65 verbose lock using /home/ubuntu/.npm/_locks/card-game-generator-1c69fcd1a9d52b0c.lock for /home/ubuntu/workspace/node_modules/card-game-generator
66 verbose unlock done using /home/ubuntu/.npm/_locks/card-game-generator-1c69fcd1a9d52b0c.lock for /home/ubuntu/workspace/node_modules/card-game-generator
67 verbose stack Error: Unsupported
67 verbose stack     at checkPlatform (/home/ubuntu/.nvm/versions/node/v4.4.5/lib/node_modules/npm/node_modules/npm-install-checks/index.js:47:14)
67 verbose stack     at Array.<anonymous> (/home/ubuntu/.nvm/versions/node/v4.4.5/lib/node_modules/npm/node_modules/slide/lib/bind-actor.js:15:8)
67 verbose stack     at LOOP (/home/ubuntu/.nvm/versions/node/v4.4.5/lib/node_modules/npm/node_modules/slide/lib/chain.js:15:14)
67 verbose stack     at /home/ubuntu/.nvm/versions/node/v4.4.5/lib/node_modules/npm/node_modules/slide/lib/chain.js:18:7
67 verbose stack     at checkEngine (/home/ubuntu/.nvm/versions/node/v4.4.5/lib/node_modules/npm/node_modules/npm-install-checks/index.js:11:20)
67 verbose stack     at Array.<anonymous> (/home/ubuntu/.nvm/versions/node/v4.4.5/lib/node_modules/npm/node_modules/slide/lib/bind-actor.js:15:8)
67 verbose stack     at LOOP (/home/ubuntu/.nvm/versions/node/v4.4.5/lib/node_modules/npm/node_modules/slide/lib/chain.js:15:14)
67 verbose stack     at chain (/home/ubuntu/.nvm/versions/node/v4.4.5/lib/node_modules/npm/node_modules/slide/lib/chain.js:20:5)
67 verbose stack     at /home/ubuntu/.nvm/versions/node/v4.4.5/lib/node_modules/npm/lib/install.js:1038:5
67 verbose stack     at /home/ubuntu/.nvm/versions/node/v4.4.5/lib/node_modules/npm/lib/utils/locker.js:39:7
68 verbose pkgid card-game-generator@0.6.0
69 verbose cwd /home/ubuntu/workspace
70 error Linux 4.2.0-c9
71 error argv "/home/ubuntu/.nvm/versions/node/v4.4.5/bin/node" "/home/ubuntu/.nvm/versions/node/v4.4.5/bin/npm" "install" "card-game-generator" "--save"
72 error node v4.4.5
73 error npm  v2.15.5
74 error code EBADPLATFORM
75 verbose stack TypeError: er.os.join is not a function
75 verbose stack     at errorHandler (/home/ubuntu/.nvm/versions/node/v4.4.5/lib/node_modules/npm/lib/utils/error-handler.js:276:38)
75 verbose stack     at cb (/home/ubuntu/.nvm/versions/node/v4.4.5/lib/node_modules/npm/lib/install.js:119:20)
75 verbose stack     at cb (/home/ubuntu/.nvm/versions/node/v4.4.5/lib/node_modules/npm/lib/install.js:599:40)
75 verbose stack     at cb (/home/ubuntu/.nvm/versions/node/v4.4.5/lib/node_modules/npm/node_modules/slide/lib/async-map.js:47:24)
75 verbose stack     at /home/ubuntu/.nvm/versions/node/v4.4.5/lib/node_modules/npm/lib/install.js:940:5
75 verbose stack     at RES (/home/ubuntu/.nvm/versions/node/v4.4.5/lib/node_modules/npm/node_modules/inflight/inflight.js:23:14)
75 verbose stack     at f (/home/ubuntu/.nvm/versions/node/v4.4.5/lib/node_modules/npm/node_modules/once/once.js:17:25)
75 verbose stack     at /home/ubuntu/.nvm/versions/node/v4.4.5/lib/node_modules/npm/lib/install.js:1018:43
75 verbose stack     at /home/ubuntu/.nvm/versions/node/v4.4.5/lib/node_modules/npm/lib/utils/locker.js:60:7
75 verbose stack     at /home/ubuntu/.nvm/versions/node/v4.4.5/lib/node_modules/npm/node_modules/lockfile/lockfile.js:61:41
76 verbose cwd /home/ubuntu/workspace
77 error Linux 4.2.0-c9
78 error argv "/home/ubuntu/.nvm/versions/node/v4.4.5/bin/node" "/home/ubuntu/.nvm/versions/node/v4.4.5/bin/npm" "install" "card-game-generator" "--save"
79 error node v4.4.5
80 error npm  v2.15.5
81 error er.os.join is not a function
82 error If you need help, you may report this error at:
82 error     <https://github.com/npm/npm/issues>
83 verbose exit [ 1, true ]
